<?xml version="1.0" encoding="UTF-8"?>
<testsuite name="services.PerformanceRatingServiceTest" tests="1" skipped="0" failures="0" errors="0" timestamp="2023-04-14T11:53:36" hostname="TABLET-TRPP7MLB" time="3.165">
  <properties/>
  <testcase name="TestFindByEmployer_Existent()" classname="services.PerformanceRatingServiceTest" time="3.165"/>
  <system-out><![CDATA[]]></system-out>
  <system-err><![CDATA[Apr. 14, 2023 1:53:36 PM org.hibernate.jpa.internal.util.LogHelper logPersistenceUnitInformation
INFO: HHH000204: Processing PersistenceUnitInfo [name: test]
Apr. 14, 2023 1:53:36 PM org.hibernate.Version logVersion
INFO: HHH000412: Hibernate ORM core version 5.6.3.Final
Apr. 14, 2023 1:53:37 PM org.hibernate.annotations.common.reflection.java.JavaReflectionManager <clinit>
INFO: HCANN000001: Hibernate Commons Annotations {5.1.2.Final}
Apr. 14, 2023 1:53:37 PM org.hibernate.dialect.Dialect <init>
INFO: HHH000400: Using dialect: org.hibernate.dialect.H2Dialect
Apr. 14, 2023 1:53:38 PM org.hibernate.engine.jdbc.connections.internal.DriverManagerConnectionProviderImpl configure
WARN: HHH10001002: Using Hibernate built-in connection pool (not for production use!)
Apr. 14, 2023 1:53:38 PM org.hibernate.engine.jdbc.connections.internal.DriverManagerConnectionProviderImpl buildCreator
INFO: HHH10001005: using driver [org.h2.Driver] at URL [jdbc:h2:mem:test]
Apr. 14, 2023 1:53:38 PM org.hibernate.engine.jdbc.connections.internal.DriverManagerConnectionProviderImpl buildCreator
INFO: HHH10001001: Connection properties: {password=****, user=sa}
Apr. 14, 2023 1:53:38 PM org.hibernate.engine.jdbc.connections.internal.DriverManagerConnectionProviderImpl buildCreator
INFO: HHH10001003: Autocommit mode: false
Apr. 14, 2023 1:53:38 PM org.hibernate.engine.jdbc.connections.internal.DriverManagerConnectionProviderImpl$PooledConnections <init>
INFO: HHH000115: Hibernate connection pool size: 20 (min=1)
Apr. 14, 2023 1:53:38 PM org.hibernate.resource.transaction.backend.jdbc.internal.DdlTransactionIsolatorNonJtaImpl getIsolatedConnection
INFO: HHH10001501: Connection obtained from JdbcConnectionAccess [org.hibernate.engine.jdbc.env.internal.JdbcEnvironmentInitiator$ConnectionProviderJdbcConnectionAccess@59939293] for (non-JTA) DDL execution was not in auto-commit mode; the Connection 'local transaction' will be committed and the Connection will be set into auto-commit mode.
Apr. 14, 2023 1:53:39 PM org.hibernate.resource.transaction.backend.jdbc.internal.DdlTransactionIsolatorNonJtaImpl getIsolatedConnection
INFO: HHH10001501: Connection obtained from JdbcConnectionAccess [org.hibernate.engine.jdbc.env.internal.JdbcEnvironmentInitiator$ConnectionProviderJdbcConnectionAccess@781711b7] for (non-JTA) DDL execution was not in auto-commit mode; the Connection 'local transaction' will be committed and the Connection will be set into auto-commit mode.
Apr. 14, 2023 1:53:39 PM org.hibernate.engine.transaction.jta.platform.internal.JtaPlatformInitiator initiateService
INFO: HHH000490: Using JtaPlatform implementation: [org.hibernate.engine.transaction.jta.platform.internal.NoJtaPlatform]
Apr. 14, 2023 1:53:39 PM persistence.dao.BaseDAO save
INFORMATION: {0} has been saved
Apr. 14, 2023 1:53:39 PM persistence.dao.BaseDAO save
INFORMATION: {0} has been saved
Apr. 14, 2023 1:53:39 PM persistence.dao.BaseDAO update
INFORMATION: {0} has been updated
]]></system-err>
</testsuite>
